<?xml version="1.0" encoding="UTF-8"?>
<!-- Generated by org.testng.reporters.JUnitXMLReporter -->
<testsuite hostname="DESKTOP-DFH3MLO" ignored="0" name="Test" tests="1" failures="1" timestamp="2021-09-13T17:48:33 IST" time="43.642" errors="0">
  <testcase name="Login" time="35.445" classname="com.qa.testscripts.FirstNaukri">
    <failure type="java.lang.NullPointerException">
      <![CDATA[java.lang.NullPointerException
at com.qa.testscripts.FirstNaukri.Login(FirstNaukri.java:67)
at java.util.ArrayList.forEach(ArrayList.java:1259)
... Removed 27 stack frames]]>
    </failure>
  </testcase> <!-- Login -->
</testsuite> <!-- Test -->
