<?xml version="1.0" encoding="UTF-8"?>
<testng-results ignored="0" total="1" passed="1" failed="0" skipped="0">
  <reporter-output>
    <line>
      <![CDATA[course is matched]]>
    </line>
  </reporter-output>
  <suite started-at="2021-09-21T18:24:46 IST" name="FirstNaukri Suite" finished-at="2021-09-21T18:25:57 IST" duration-ms="71182">
    <groups>
    </groups>
    <test started-at="2021-09-21T18:24:46 IST" name="Test" finished-at="2021-09-21T18:25:57 IST" duration-ms="71182">
      <class name="com.qa.testscripts.FirstNaukri">
        <test-method is-config="true" signature="setUp(java.lang.String, java.lang.String)[pri:0, instance:com.qa.testscripts.FirstNaukri@1a4013]" started-at="2021-09-21T18:24:47 IST" name="setUp" finished-at="2021-09-21T18:25:03 IST" duration-ms="16333" status="PASS">
          <params>
            <param index="0">
              <value>
                <![CDATA[chrome]]>
              </value>
            </param>
            <param index="1">
              <value>
                <![CDATA[https://www.firstnaukri.com/]]>
              </value>
            </param>
          </params>
          <reporter-output>
          </reporter-output>
        </test-method> <!-- setUp -->
        <test-method signature="Login()[pri:0, instance:com.qa.testscripts.FirstNaukri@1a4013]" started-at="2021-09-21T18:25:03 IST" name="Login" finished-at="2021-09-21T18:25:53 IST" duration-ms="50043" status="PASS">
          <reporter-output>
            <line>
              <![CDATA[course is matched]]>
            </line>
          </reporter-output>
        </test-method> <!-- Login -->
        <test-method is-config="true" signature="tearDown()[pri:0, instance:com.qa.testscripts.FirstNaukri@1a4013]" started-at="2021-09-21T18:25:53 IST" name="tearDown" finished-at="2021-09-21T18:25:57 IST" duration-ms="4284" status="PASS">
          <reporter-output>
          </reporter-output>
        </test-method> <!-- tearDown -->
      </class> <!-- com.qa.testscripts.FirstNaukri -->
    </test> <!-- Test -->
  </suite> <!-- FirstNaukri Suite -->
</testng-results>
